<?xml version="1.0" encoding="UTF-8"?>
<!-- Generated by org.testng.reporters.JUnitXMLReporter -->
<testsuite ignored="0" hostname="PreetamHaste" failures="0" tests="4" name="Test" time="7.788" errors="0" timestamp="2023-03-10T21:13:25 IST">
  <testcase classname="testNgPractice.AssertDemo" name="assertclass" time="7.707"/>
  <testcase classname="testNgPractice.testNgPractice" name="TestClass2" time="0.002"/>
  <testcase classname="testNgPractice.testNgPractice" name="TestClass" time="0.002"/>
  <testcase classname="testNgPractice.testNgPractice" name="TestClass1" time="0.002"/>
</testsuite> <!-- Test -->
