<?xml version="1.0" encoding="UTF-8"?>
<!-- Generated by org.testng.reporters.JUnitXMLReporter -->
<testsuite ignored="0" hostname="PreetamHaste" failures="0" tests="3" name="Default test" time="0.083" errors="0" timestamp="2023-03-10T21:13:03 IST">
  <testcase classname="testNgPractice.testNgPractice" name="TestClass2" time="0.017"/>
  <testcase classname="testNgPractice.testNgPractice" name="TestClass" time="0.001"/>
  <testcase classname="testNgPractice.testNgPractice" name="TestClass1" time="0.001"/>
</testsuite> <!-- Default test -->
